Logging with rotation
Error occurred: division by zero
This is an info message.
This is a warning message.
This is an error message.
This is an info message
This is an error message
Logging with rotation
Logging with rotation
Error occurred: division by zero
Error occurred: division by zero
This is an info message.
This is an info message.
This is a warning message.
This is a warning message.
This is an error message.
This is an error message.
This is an info message
This is an info message
This is an error message
This is an error message
Logging with rotation
Logging with rotation
Logging with rotation
Logging with rotation
Error occurred: division by zero
This is an info message.
This is a warning message.
This is an error message.
This is an info message
This is an error message
Logging with rotation
Logging with rotation
Error occurred: division by zero
Error occurred: division by zero
This is an info message.
This is an info message.
This is a warning message.
This is a warning message.
This is an error message.
This is an error message.
This is an info message
This is an info message
This is an error message
This is an error message
Logging with rotation
Logging with rotation
Logging with rotation
Error occurred: division by zero
Error occurred: division by zero
Error occurred: division by zero
This is an info message.
This is an info message.
This is an info message.
This is a warning message.
This is a warning message.
This is a warning message.
This is an error message.
This is an error message.
This is an error message.
This is an info message
This is an info message
This is an info message
This is an error message
This is an error message
This is an error message
Logging with rotation
Logging with rotation
Logging with rotation
Logging with rotation
Error occurred: division by zero
Error occurred: division by zero
Error occurred: division by zero
Error occurred: division by zero
This is an info message.
This is an info message.
This is an info message.
This is an info message.
This is a warning message.
This is a warning message.
This is a warning message.
This is a warning message.
This is an error message.
This is an error message.
This is an error message.
This is an error message.
This is an info message
This is an info message
This is an info message
This is an info message
This is an error message
This is an error message
This is an error message
This is an error message
Logging with rotation
Logging with rotation
Logging with rotation
Logging with rotation
Logging with rotation
Error occurred: division by zero
Error occurred: division by zero
Error occurred: division by zero
Error occurred: division by zero
Error occurred: division by zero
This is an info message.
This is an info message.
This is an info message.
This is an info message.
This is an info message.
This is a warning message.
This is a warning message.
This is a warning message.
This is a warning message.
This is a warning message.
This is an error message.
This is an error message.
This is an error message.
This is an error message.
This is an error message.
This is an info message
This is an info message
This is an info message
This is an info message
This is an info message
This is an error message
This is an error message
This is an error message
This is an error message
This is an error message
Logging with rotation
Logging with rotation
Logging with rotation
Logging with rotation
Logging with rotation
Logging with rotation
Error occurred: division by zero
Error occurred: division by zero
Error occurred: division by zero
Error occurred: division by zero
Error occurred: division by zero
Error occurred: division by zero
This is an info message.
This is an info message.
This is an info message.
This is an info message.
This is an info message.
This is an info message.
This is a warning message.
This is a warning message.
This is a warning message.
This is a warning message.
This is a warning message.
This is a warning message.
This is an error message.
This is an error message.
This is an error message.
This is an error message.
This is an error message.
This is an error message.
This is an info message
This is an info message
This is an info message
This is an info message
This is an info message
This is an info message
This is an error message
This is an error message
This is an error message
This is an error message
This is an error message
This is an error message
Logging with rotation
Logging with rotation
Logging with rotation
Logging with rotation
Logging with rotation
Logging with rotation
Logging with rotation
Error occurred: division by zero
Error occurred: division by zero
Error occurred: division by zero
Error occurred: division by zero
Error occurred: division by zero
Error occurred: division by zero
Error occurred: division by zero
This is an info message.
This is an info message.
This is an info message.
This is an info message.
This is an info message.
This is an info message.
This is an info message.
This is a warning message.
This is a warning message.
This is a warning message.
This is a warning message.
This is a warning message.
This is a warning message.
This is a warning message.
This is an error message.
This is an error message.
This is an error message.
This is an error message.
This is an error message.
This is an error message.
This is an error message.
This is an info message
This is an info message
This is an info message
This is an info message
This is an info message
This is an info message
This is an info message
This is an error message
This is an error message
This is an error message
This is an error message
This is an error message
This is an error message
This is an error message
Logging with rotation
Logging with rotation
Logging with rotation
Logging with rotation
Logging with rotation
Logging with rotation
Logging with rotation
Logging with rotation
